\BOOKMARK [0][-]{Doc-Start}{\376\377\004\022\004\062\004\065\004\064\004\065\004\075\004\070\004\065}{}% 1
\BOOKMARK [0][-]{chapter.1}{\376\377\004\034\004\020\004\042\004\025\004\034\004\020\004\042\004\030\004\047\004\025\004\041\004\032\004\030\004\025\000\040\004\034\004\036\004\024\004\025\004\033\004\030}{}% 2
\BOOKMARK [1][-]{section.1.1}{\376\377\004\074\004\060\004\102\004\065\004\074\004\060\004\102\004\070\004\107\004\065\004\101\004\072\004\076\004\065\000\040\004\074\004\076\004\064\004\065\004\073\004\070\004\100\004\076\004\062\004\060\004\075\004\070\004\065}{chapter.1}% 3
\BOOKMARK [2][-]{subsection.1.1.1}{\376\377\004\034\004\076\004\064\004\065\004\073\004\070\000.\000\040\004\034\004\065\004\102\004\076\004\064\000\040\004\074\004\076\004\064\004\065\004\073\004\070\004\100\004\076\004\062\004\060\004\075\004\070\004\117}{section.1.1}% 4
\BOOKMARK [2][-]{subsection.1.1.2}{\376\377\004\034\004\060\004\102\004\065\004\074\004\060\004\102\004\070\004\107\004\065\004\101\004\072\004\070\004\065\000\040\004\074\004\076\004\064\004\065\004\073\004\070}{section.1.1}% 5
\BOOKMARK [2][-]{subsection.1.1.3}{\376\377\004\037\004\100\004\070\004\067\004\075\004\060\004\072\004\070\000\040\004\105\004\076\004\100\004\076\004\110\004\070\004\105\000\040\004\074\004\076\004\064\004\065\004\073\004\065\004\071}{section.1.1}% 6
\BOOKMARK [1][-]{section.1.2}{\376\377\004\037\004\100\004\070\004\074\004\065\004\100\004\113\000\040\004\077\004\100\004\076\004\101\004\102\004\113\004\105\000\040\004\074\004\076\004\064\004\065\004\073\004\065\004\071}{chapter.1}% 7
\BOOKMARK [0][-]{chapter.2}{\376\377\004\037\004\040\004\036\004\023\004\040\004\020\004\034\004\034\004\035\004\020\004\057\000\040\004\040\004\025\004\020\004\033\004\030\004\027\004\020\004\046\004\030\004\057\000\040\004\034\004\020\004\042\004\025\004\034\004\020\004\042\004\030\004\047\004\025\004\041\004\032\004\030\004\045\000\040\004\034\004\036\004\024\004\025\004\033\004\025\004\031}{}% 8
\BOOKMARK [1][-]{section.2.1}{\376\377\004\037\004\100\004\076\004\065\004\072\004\102\004\070\004\100\004\076\004\062\004\060\004\075\004\070\004\065\000\040\004\101\004\102\004\100\004\103\004\072\004\102\004\103\004\100\004\113\000\040\004\077\004\100\004\076\004\063\004\100\004\060\004\074\004\074\004\113}{chapter.2}% 9
\BOOKMARK [2][-]{subsection.2.1.1}{\376\377\004\036\004\061\004\112\004\065\004\072\004\102\004\075\004\076\000-\004\076\004\100\004\070\004\065\004\075\004\102\004\070\004\100\004\076\004\062\004\060\004\075\004\075\004\060\004\117\000\040\004\064\004\065\004\072\004\076\004\074\004\077\004\076\004\067\004\070\004\106\004\070\004\117}{section.2.1}% 10
\BOOKMARK [2][-]{subsection.2.1.2}{\376\377\004\036\004\061\004\112\004\065\004\072\004\102\004\075\004\076\000-\004\076\004\100\004\070\004\065\004\075\004\102\004\070\004\100\004\076\004\062\004\060\004\075\004\075\004\076\004\065\000\040\004\077\004\100\004\076\004\065\004\072\004\102\004\070\004\100\004\076\004\062\004\060\004\075\004\070\004\065}{section.2.1}% 11
\BOOKMARK [2][-]{subsection.2.1.3}{\376\377\004\036\004\036\004\037\000\040\004\062\000\040\000D\000e\000l\000p\000h\000i}{section.2.1}% 12
\BOOKMARK [1][-]{section.2.2}{\376\377\004\036\004\077\004\102\004\070\004\074\004\070\004\067\004\060\004\106\004\070\004\117\000\040\004\070\000\040\004\076\004\102\004\073\004\060\004\064\004\072\004\060\000\040\004\077\004\100\004\076\004\063\004\100\004\060\004\074\004\074\004\113}{chapter.2}% 13
\BOOKMARK [2][-]{subsection.2.2.1}{\376\377\004\036\004\077\004\102\004\070\004\074\004\070\004\067\004\060\004\106\004\070\004\117\000\040\004\077\004\100\004\076\004\063\004\100\004\060\004\074\004\074\000\040\004\077\004\076\000\040\004\062\004\100\004\065\004\074\004\065\004\075\004\070\000\040\004\062\004\113\004\077\004\076\004\073\004\075\004\065\004\075\004\070\004\117}{section.2.2}% 14
\BOOKMARK [2][-]{subsection.2.2.2}{\376\377\004\042\004\065\004\101\004\102\004\070\004\100\004\076\004\062\004\060\004\075\004\070\004\065\000\040\004\070\000\040\004\076\004\102\004\073\004\060\004\064\004\072\004\060\000\040\004\077\004\100\004\076\004\063\004\100\004\060\004\074\004\074}{section.2.2}% 15
\BOOKMARK [2][-]{subsection.2.2.3}{\376\377\004\040\004\060\004\061\004\076\004\102\004\060\000\040\004\101\000\040\004\062\004\065\004\111\004\065\004\101\004\102\004\062\004\065\004\075\004\075\004\113\004\074\004\070\000\040\004\107\004\070\004\101\004\073\004\060\004\074\004\070}{section.2.2}% 16
\BOOKMARK [0][-]{chapter.3}{\376\377\004\037\004\040\004\030\004\034\004\025\004\040\004\053\000\040\004\034\004\020\004\042\004\025\004\034\004\020\004\042\004\030\004\047\004\025\004\041\004\032\004\030\004\045\000\040\004\034\004\036\004\024\004\025\004\033\004\025\004\031}{}% 17
\BOOKMARK [1][-]{section.3.1}{\376\377\004\104\004\070\004\067\004\070\004\072\004\060}{chapter.3}% 18
\BOOKMARK [2][-]{subsection.3.1.1}{\376\377\004\022\004\070\004\061\004\100\004\076\004\063\004\060\004\101\004\070\004\102\004\065\004\073\004\114}{section.3.1}% 19
\BOOKMARK [2][-]{subsection.3.1.2}{\376\377\004\040\004\065\004\060\004\073\004\070\004\101\004\102\004\070\004\107\004\075\004\076\004\065\000\040\004\076\004\101\004\062\004\065\004\111\004\065\004\075\004\070\004\065}{section.3.1}% 20
\BOOKMARK [2][-]{subsection.3.1.3}{\376\377\004\022\004\076\004\067\004\062\004\100\004\060\004\111\004\065\004\075\004\070\004\065\000\040\004\101\004\077\004\103\004\102\004\075\004\070\004\072\004\060\000\040\004\101\000\040\004\076\004\100\004\061\004\070\004\102\004\113}{section.3.1}% 21
\BOOKMARK [2][-]{subsection.3.1.4}{\376\377\004\027\004\060\004\064\004\060\004\107\004\070}{section.3.1}% 22
\BOOKMARK [1][-]{section.3.2}{\376\377\004\061\004\070\004\076\004\073\004\076\004\063\004\070\004\117\000\040\004\070\000\040\004\104\004\070\004\067\004\070\004\076\004\073\004\076\004\063\004\070\004\117}{chapter.3}% 23
\BOOKMARK [2][-]{subsection.3.2.1}{\376\377\004\034\004\076\004\064\004\065\004\073\004\114\000\040\004\115\004\077\004\070\004\064\004\065\004\074\004\070\004\070\000\040\000S\000I\000R}{section.3.2}% 24
\BOOKMARK [2][-]{subsection.3.2.2}{\376\377\004\027\004\076\004\074\004\061\004\070\000-\004\060\004\077\004\076\004\072\004\060\004\073\004\070\004\077\004\101\004\070\004\101}{section.3.2}% 25
\BOOKMARK [2][-]{subsection.3.2.3}{\376\377\004\046\004\070\004\072\004\060\004\064\004\113\000\040\004\070\000\040\004\077\004\100\004\076\004\101\004\102\004\113\004\065\000\040\004\107\004\070\004\101\004\073\004\060}{section.3.2}% 26
\BOOKMARK [2][-]{subsection.3.2.4}{\376\377\004\034\004\076\004\064\004\065\004\073\004\114\000\040\004\076\004\102\004\100\004\065\004\067\004\062\004\073\004\065\004\075\004\070\004\117}{section.3.2}% 27
\BOOKMARK [2][-]{subsection.3.2.5}{\376\377\004\027\004\060\004\064\004\060\004\107\004\070}{section.3.2}% 28
\BOOKMARK [1][-]{section.3.3}{\376\377\004\062\004\076\004\065\004\075\004\075\004\076\004\065\000\040\004\064\004\065\004\073\004\076}{chapter.3}% 29
\BOOKMARK [2][-]{subsection.3.3.1}{\376\377\004\034\004\076\004\064\004\065\004\073\004\114\000\040\004\036\004\101\004\070\004\077\004\076\004\062\004\060\000\040\040\024\000\040\004\033\004\060\004\075\004\107\004\065\004\101\004\102\004\065\004\100\004\060}{section.3.3}% 30
\BOOKMARK [2][-]{subsection.3.3.2}{\376\377\004\036\004\061\004\076\004\100\004\076\004\075\004\060\000\040\004\077\004\065\004\100\004\065\004\062\004\060\004\073\004\060}{section.3.3}% 31
\BOOKMARK [2][-]{subsection.3.3.3}{\376\377\004\027\004\060\004\064\004\060\004\107\004\070}{section.3.3}% 32
\BOOKMARK [1][-]{section.3.4}{\376\377\004\101\004\076\004\106\004\070\004\076\004\073\004\076\004\063\004\070\004\117\000\040\004\070\000\040\004\077\004\076\004\073\004\070\004\102\004\076\004\073\004\076\004\063\004\070\004\117}{chapter.3}% 33
\BOOKMARK [2][-]{subsection.3.4.1}{\376\377\004\024\004\065\004\074\004\076\004\072\004\100\004\060\004\102\004\070\004\117\000\040\004\072\004\060\004\072\000\040\004\101\004\072\004\100\004\113\004\102\004\060\004\117\000\040\004\104\004\076\004\100\004\074\004\060\000\040\004\064\004\070\004\072\004\102\004\060\004\102\004\103\004\100\004\113}{section.3.4}% 34
\BOOKMARK [2][-]{subsection.3.4.2}{\376\377\004\034\004\076\004\064\004\065\004\073\004\114\000\040\004\072\004\076\004\100\004\100\004\103\004\077\004\106\004\070\004\070}{section.3.4}% 35
\BOOKMARK [2][-]{subsection.3.4.3}{\376\377\004\034\004\076\004\064\004\065\004\073\004\114\000\040\004\102\004\065\004\100\004\100\004\070\004\102\004\076\004\100\004\070\004\060\004\073\004\114\004\075\004\076\004\071\000\040\004\064\004\070\004\075\004\060\004\074\004\070\004\072\004\070\000\040\004\063\004\076\004\101\004\103\004\064\004\060\004\100\004\101\004\102\004\062\004\060}{section.3.4}% 36
\BOOKMARK [1][-]{section.3.5}{\376\377\004\070\004\075\004\104\004\076\004\100\004\074\004\060\004\102\004\070\004\072\004\060}{chapter.3}% 37
\BOOKMARK [2][-]{subsection.3.5.1}{\376\377\000L\000-\004\101\004\070\004\101\004\102\004\065\004\074\004\113}{section.3.5}% 38
\BOOKMARK [2][-]{subsection.3.5.2}{\376\377\004\042\004\100\004\060\004\075\004\101\004\073\004\117\004\102\004\076\004\100\000\040\004\101\000\040\004\117\004\067\004\113\004\072\004\060\000\040\000L\000-\004\101\004\070\004\101\004\102\004\065\004\074\000\040\004\075\004\060\000\040\000P\000o\000s\000t\000S\000c\000r\000i\000p\000t}{section.3.5}% 39
\BOOKMARK [2][-]{subsection.3.5.3}{\376\377\004\037\004\100\004\076\004\101\004\102\004\065\004\071\004\110\004\070\004\065\000\040\004\072\004\073\004\065\004\102\004\076\004\107\004\075\004\113\004\065\000\040\004\060\004\062\004\102\004\076\004\074\004\060\004\102\004\113}{section.3.5}% 40
\BOOKMARK [0][-]{chapter.4}{\376\377\004\040\004\025\004\050\004\025\004\035\004\030\004\025\000\040\004\022\004\036\004\037\004\040\004\036\004\041\004\036\004\022}{}% 41
\BOOKMARK [1][-]{section.4.1}{\376\377\004\104\004\070\004\067\004\070\004\072\004\060}{chapter.4}% 42
\BOOKMARK [2][-]{subsection.4.1.1}{\376\377\004\022\004\070\004\061\004\100\004\076\004\063\004\060\004\101\004\070\004\102\004\065\004\073\004\114}{section.4.1}% 43
\BOOKMARK [2][-]{subsection.4.1.2}{\376\377\004\040\004\065\004\060\004\073\004\070\004\101\004\102\004\070\004\107\004\075\004\076\004\065\000\040\004\076\004\101\004\062\004\065\004\111\004\065\004\075\004\070\004\065\000.\000\040\004\040\004\065\004\071\004\102\004\100\004\065\004\101\004\101\004\070\004\075\004\063}{section.4.1}% 44
\BOOKMARK [1][-]{section.4.2}{\376\377\004\061\004\070\004\076\004\073\004\076\004\063\004\070\004\117\000\040\004\070\000\040\004\104\004\070\004\067\004\070\004\076\004\073\004\076\004\063\004\070\004\117}{chapter.4}% 45
\BOOKMARK [2][-]{subsection.4.2.1}{\376\377\004\034\004\076\004\064\004\065\004\073\004\114\000\040\004\115\004\077\004\070\004\064\004\065\004\074\004\070\004\070\000\040\000S\000I\000R}{section.4.2}% 46
\BOOKMARK [2][-]{subsection.4.2.2}{\376\377\004\034\004\076\004\064\004\065\004\073\004\114\000\040\004\067\004\076\004\074\004\061\004\070\000-\004\115\004\077\004\070\004\064\004\065\004\074\004\070\004\070}{section.4.2}% 47
\BOOKMARK [2][-]{subsection.4.2.3}{\376\377\004\046\004\070\004\072\004\060\004\064\004\113\000\040\004\070\000\040\004\077\004\100\004\076\004\101\004\102\004\113\004\065\000\040\004\107\004\070\004\101\004\073\004\060}{section.4.2}% 48
\BOOKMARK [2][-]{subsection.4.2.4}{\376\377\004\034\004\076\004\064\004\065\004\073\004\114\000\040\004\076\004\102\004\100\004\065\004\067\004\062\004\073\004\065\004\075\004\070\004\117}{section.4.2}% 49
\BOOKMARK [1][-]{section.4.3}{\376\377\004\062\004\076\004\065\004\075\004\075\004\076\004\065\000\040\004\064\004\065\004\073\004\076}{chapter.4}% 50
\BOOKMARK [2][-]{subsection.4.3.1}{\376\377\004\034\004\076\004\064\004\065\004\073\004\114\000\040\004\033\004\060\004\075\004\107\004\065\004\101\004\102\004\065\004\100\004\060\000\040\040\024\000\040\004\036\004\101\004\070\004\077\004\076\004\062\004\060}{section.4.3}% 51
\BOOKMARK [2][-]{subsection.4.3.2}{\376\377\004\022\004\076\004\065\004\075\004\075\004\060\004\117\000\040\004\070\004\063\004\100\004\060}{section.4.3}% 52
\BOOKMARK [1][-]{section.4.4}{\376\377\004\101\004\076\004\106\004\070\004\076\004\073\004\076\004\063\004\070\004\117\000\040\004\070\000\040\004\077\004\076\004\073\004\070\004\102\004\076\004\073\004\076\004\063\004\070\004\117}{chapter.4}% 53
\BOOKMARK [2][-]{subsection.4.4.1}{\376\377\004\034\004\076\004\064\004\065\004\073\004\114\000\040\004\072\004\076\004\100\004\100\004\103\004\077\004\106\004\070\004\070}{section.4.4}% 54
\BOOKMARK [1][-]{section.4.5}{\376\377\004\073\004\070\004\101\004\102\004\070\004\075\004\063\004\070}{chapter.4}% 55
\BOOKMARK [2][-]{subsection.4.5.1}{\376\377\004\040\004\065\004\060\004\073\004\070\004\101\004\102\004\070\004\107\004\075\004\076\004\065\000\040\004\076\004\101\004\062\004\065\004\111\004\065\004\075\004\070\004\065\000.\000\040\004\040\004\065\004\071\004\102\004\100\004\065\004\101\004\101\004\070\004\075\004\063}{section.4.5}% 56
\BOOKMARK [2][-]{subsection.4.5.2}{\376\377\004\046\004\070\004\072\004\060\004\064\004\113\000\040\004\070\000\040\004\077\004\100\004\076\004\101\004\102\004\113\004\065\000\040\004\107\004\070\004\101\004\073\004\060}{section.4.5}% 57
\BOOKMARK [2][-]{subsection.4.5.3}{\376\377\004\030\004\041\000-\0002\000\040\004\077\004\100\004\076\004\102\004\070\004\062\000\040\000P\000z\000V\000I\000\040\000T\000i\000g\000e\000r}{section.4.5}% 58
\BOOKMARK [2][-]{subsection.4.5.4}{\376\377\000T\004\100\004\060\004\075\004\101\004\073\004\117\004\102\004\076\004\100\000\040\000L\0002\000e\000p\000s\000\040\000c\000\040\000L\000-\004\117\004\067\004\113\004\072\004\060\000\040\004\075\004\060\000\040\000P\000S}{section.4.5}% 59
\BOOKMARK [2][-]{subsection.4.5.5}{\376\377\004\037\004\100\004\076\004\101\004\102\004\065\004\071\004\110\004\070\004\071\000\040\004\072\004\073\004\065\004\102\004\076\004\107\004\075\004\113\004\071\000\040\004\060\004\062\004\102\004\076\004\074\004\060\004\102}{section.4.5}% 60
\BOOKMARK [0][-]{chapter.5}{\376\377\004\037\004\040\004\030\004\033\004\036\004\026\004\025\004\035\004\030\004\057}{}% 61
\BOOKMARK [1][-]{section.Alph0.1}{\376\377\004\037\004\100\004\076\004\063\004\100\004\060\004\074\004\074\004\075\004\076\004\065\000\040\004\076\004\061\004\065\004\101\004\077\004\065\004\107\004\065\004\075\004\070\004\065}{chapter.5}% 62
\BOOKMARK [1][-]{section.Alph0.2}{\376\377\004\040\004\065\004\110\004\065\004\075\004\070\004\117\000\040\004\070\000\040\004\070\004\101\004\101\004\073\004\065\004\064\004\076\004\062\004\060\004\075\004\070\004\117\000\040\004\064\004\070\004\104\004\104\004\065\004\100\004\065\004\075\004\106\004\070\004\060\004\073\004\114\004\075\004\113\004\105\000\040\004\103\004\100\004\060\004\062\004\075\004\065\004\075\004\070\004\071}{chapter.5}% 63
\BOOKMARK [2][-]{subsection.Alph0.2.1}{\376\377\004\043\004\100\004\060\004\062\004\075\004\065\004\075\004\070\004\117\000\040\004\101\000\040\004\100\004\060\004\067\004\064\004\065\004\073\004\117\004\116\004\111\004\070\004\074\004\070\004\101\004\117\000\040\004\077\004\065\004\100\004\065\004\074\004\065\004\075\004\075\004\113\004\074\004\070}{section.Alph0.2}% 64
\BOOKMARK [2][-]{subsection.Alph0.2.2}{\376\377\004\036\004\064\004\075\004\076\004\100\004\076\004\064\004\075\004\113\004\065\000\040\004\064\004\070\004\104\004\104\004\065\004\100\004\065\004\075\004\106\004\070\004\060\004\073\004\114\004\075\004\113\004\065\000\040\004\103\004\100\004\060\004\062\004\075\004\065\004\075\004\070\004\117}{section.Alph0.2}% 65
\BOOKMARK [2][-]{subsection.Alph0.2.3}{\376\377\004\033\004\070\004\075\004\065\004\071\004\075\004\113\004\065\000\040\004\064\004\070\004\104\004\104\004\065\004\100\004\065\004\075\004\106\004\070\004\060\004\073\004\114\004\075\004\113\004\065\000\040\004\103\004\100\004\060\004\062\004\075\004\065\004\075\004\070\004\117\000\040\004\077\004\065\004\100\004\062\004\076\004\063\004\076\000\040\004\077\004\076\004\100\004\117\004\064\004\072\004\060}{section.Alph0.2}% 66
\BOOKMARK [2][-]{subsection.Alph0.2.4}{\376\377\004\033\004\070\004\075\004\065\004\071\004\075\004\113\004\065\000\040\004\076\004\064\004\075\004\076\004\100\004\076\004\064\004\075\004\113\004\065\000\040\004\103\004\100\004\060\004\062\004\075\004\065\004\075\004\070\004\117\000\040\004\101\000\040\004\077\004\076\004\101\004\102\004\076\004\117\004\075\004\075\004\113\004\074\004\070\000\040\004\072\004\076\004\115\004\104\004\104\004\070\004\106\004\070\004\065\004\075\004\102\004\060\004\074\004\070\000\040\000n\000-\004\063\004\076\000\040\004\077\004\076\004\100\004\117\004\064\004\072\004\060}{section.Alph0.2}% 67
\BOOKMARK [2][-]{subsection.Alph0.2.5}{\376\377\004\035\004\065\004\076\004\064\004\075\004\076\004\100\004\076\004\064\004\075\004\113\004\065\000\040\004\073\004\070\004\075\004\065\004\071\004\075\004\113\004\065\000\040\004\103\004\100\004\060\004\062\004\075\004\065\004\075\004\070\004\117}{section.Alph0.2}% 68
\BOOKMARK [2][-]{subsection.Alph0.2.6}{\376\377\004\043\004\101\004\102\004\076\004\071\004\107\004\070\004\062\004\076\004\101\004\102\004\114\000\040\004\100\004\065\004\110\004\065\004\075\004\070\004\071}{section.Alph0.2}% 69
\BOOKMARK [2][-]{subsection.Alph0.2.7}{\376\377\004\047\004\070\004\101\004\073\004\065\004\075\004\075\004\076\004\065\000\040\004\100\004\065\004\110\004\065\004\075\004\070\004\065\000\040\004\064\004\070\004\104\004\104\004\065\004\100\004\065\004\075\004\106\004\070\004\060\004\073\004\114\004\075\004\113\004\105\000\040\004\103\004\100\004\060\004\062\004\075\004\065\004\075\004\070\004\071}{section.Alph0.2}% 70
\BOOKMARK [2][-]{subsection.Alph0.2.8}{\376\377\004\030\004\101\004\101\004\073\004\065\004\064\004\076\004\062\004\060\004\075\004\070\004\065\000\040\004\101\004\070\004\101\004\102\004\065\004\074\000\040\004\064\004\070\004\104\004\104\004\065\004\100\004\065\004\075\004\106\004\070\004\060\004\073\004\114\004\075\004\113\004\105\000\040\004\103\004\100\004\060\004\062\004\075\004\065\004\075\004\070\004\071}{section.Alph0.2}% 71
\BOOKMARK [1][-]{section.Alph0.3}{\376\377\004\040\004\065\004\110\004\065\004\075\004\070\004\117\000\040\004\100\004\060\004\067\004\075\004\076\004\101\004\102\004\075\004\113\004\105\000\040\004\103\004\100\004\060\004\062\004\075\004\065\004\075\004\070\004\071}{chapter.5}% 72
\BOOKMARK [2][-]{subsection.Alph0.3.1}{\376\377\004\033\004\070\004\075\004\065\004\071\004\075\004\113\004\065\000\040\004\103\004\100\004\060\004\062\004\075\004\065\004\075\004\070\004\117\000\040\004\101\000\040\004\077\004\076\004\101\004\102\004\076\004\117\004\075\004\075\004\113\004\074\004\070\000\040\004\072\004\076\004\115\004\104\004\104\004\070\004\106\004\070\004\065\004\075\004\102\004\060\004\074\004\070}{section.Alph0.3}% 73
\BOOKMARK [2][-]{subsection.Alph0.3.2}{\376\377\004\033\004\070\004\075\004\065\004\071\004\075\004\113\004\065\000\040\004\103\004\100\004\060\004\062\004\075\004\065\004\075\004\070\004\117\000\040\004\077\004\065\004\100\004\062\004\076\004\063\004\076\000\040\004\077\004\076\004\100\004\117\004\064\004\072\004\060}{section.Alph0.3}% 74
\BOOKMARK [2][-]{subsection.Alph0.3.3}{\376\377\004\035\004\065\004\073\004\070\004\075\004\065\004\071\004\075\004\113\004\065\000\040\004\100\004\060\004\067\004\075\004\076\004\101\004\102\004\075\004\113\004\065\000\040\004\103\004\100\004\060\004\062\004\075\004\065\004\075\004\070\004\117}{section.Alph0.3}% 75
\BOOKMARK [1][-]{section.Alph0.4}{\376\377\004\040\004\065\004\110\004\065\004\075\004\070\004\117\000\040\004\074\004\060\004\102\004\100\004\070\004\107\004\075\004\113\004\105\000\040\004\070\004\063\004\100}{chapter.5}% 76
\BOOKMARK [2][-]{subsection.Alph0.4.1}{\376\377\004\041\004\065\004\064\004\073\004\076\004\062\004\113\004\065\000\040\004\102\004\076\004\107\004\072\004\070}{section.Alph0.4}% 77
\BOOKMARK [2][-]{subsection.Alph0.4.2}{\376\377\004\040\004\065\004\110\004\065\004\075\004\070\004\065\000\040\004\062\000\040\004\101\004\074\004\065\004\110\004\060\004\075\004\075\004\113\004\105\000\040\004\101\004\102\004\100\004\060\004\102\004\065\004\063\004\070\004\117\004\105}{section.Alph0.4}% 78
\BOOKMARK [2][-]{subsection.Alph0.4.3}{\376\377\004\040\004\065\004\110\004\065\004\075\004\070\004\065\000\040\0002\000\040\0002\000\040\004\074\004\060\004\102\004\100\004\070\004\107\004\075\004\113\004\105\000\040\004\070\004\063\004\100}{section.Alph0.4}% 79
\BOOKMARK [2][-]{subsection.Alph0.4.4}{\376\377\004\040\004\065\004\110\004\065\004\075\004\070\004\065\000\040\000m\000\040\000n\000\040\004\074\004\060\004\102\004\100\004\070\004\107\004\075\004\113\004\105\000\040\004\070\004\063\004\100}{section.Alph0.4}% 80
\BOOKMARK [1][-]{section.Alph0.5}{\376\377\004\041\004\070\004\074\004\077\004\073\004\065\004\072\004\101\000-\004\074\004\065\004\102\004\076\004\064}{chapter.5}% 81
\BOOKMARK [2][-]{subsection.Alph0.5.1}{\376\377\004\020\004\073\004\063\004\076\004\100\004\070\004\102\004\074\000\040\004\101\004\070\004\074\004\077\004\073\004\065\004\072\004\101\000-\004\074\004\065\004\102\004\076\004\064\004\060}{section.Alph0.5}% 82
\BOOKMARK [1][-]{section.Alph0.6}{\376\377\004\020\004\077\004\077\004\100\004\076\004\072\004\101\004\070\004\074\004\060\004\106\004\070\004\117\000\040\004\102\004\060\004\061\004\073\004\070\004\107\004\075\004\076\004\071\000\040\004\104\004\103\004\075\004\072\004\106\004\070\004\070}{chapter.5}% 83
\BOOKMARK [2][-]{subsection.Alph0.6.1}{\376\377\004\034\004\065\004\102\004\076\004\064\000\040\004\075\004\060\004\070\004\074\004\065\004\075\004\114\004\110\004\070\004\105\000\040\004\072\004\062\004\060\004\064\004\100\004\060\004\102\004\076\004\062}{section.Alph0.6}% 84
\BOOKMARK [1][-]{section.Alph0.7}{\376\377\004\044\004\076\004\100\004\074\004\060\004\073\004\114\004\075\004\113\004\065\000\040\004\117\004\067\004\113\004\072\004\070\000\040\004\070\000\040\004\063\004\100\004\060\004\074\004\074\004\060\004\102\004\070\004\072\004\070}{chapter.5}% 85
\BOOKMARK [1][-]{section.Alph0.8}{\376\377\004\032\004\076\004\075\004\065\004\107\004\075\004\113\004\065\000\040\004\060\004\062\004\102\004\076\004\074\004\060\004\102\004\113}{chapter.5}% 86
\BOOKMARK [0][-]{Item.29}{\376\377\004\033\004\070\004\102\004\065\004\100\004\060\004\102\004\103\004\100\004\060}{}% 87
